Building target platforms: x86_64
Building for target x86_64
+ umask 022
+ cd /home/vm/maxonhick/workspace/projects/Homework_Lab06/_build/_CPack_Packages/Linux/RPM/BUILD/lab06-1.0.0-build
+ mv /home/vm/maxonhick/workspace/projects/Homework_Lab06/_build/_CPack_Packages/Linux/RPM/lab06-1.0.0-Linux /home/vm/maxonhick/workspace/projects/Homework_Lab06/_build/_CPack_Packages/Linux/RPM/tmpBBroot
+ RPM_EC=0
++ jobs -p
+ exit 0
+ umask 022
+ cd /home/vm/maxonhick/workspace/projects/Homework_Lab06/_build/_CPack_Packages/Linux/RPM/BUILD/lab06-1.0.0-build
+ '[' /home/vm/maxonhick/workspace/projects/Homework_Lab06/_build/_CPack_Packages/Linux/RPM/lab06-1.0.0-Linux '!=' / ']'
+ rm -rf /home/vm/maxonhick/workspace/projects/Homework_Lab06/_build/_CPack_Packages/Linux/RPM/lab06-1.0.0-Linux
++ dirname /home/vm/maxonhick/workspace/projects/Homework_Lab06/_build/_CPack_Packages/Linux/RPM/lab06-1.0.0-Linux
+ mkdir -p /home/vm/maxonhick/workspace/projects/Homework_Lab06/_build/_CPack_Packages/Linux/RPM
+ mkdir /home/vm/maxonhick/workspace/projects/Homework_Lab06/_build/_CPack_Packages/Linux/RPM/lab06-1.0.0-Linux
+ CFLAGS='-O2 -flto=auto -ffat-lto-objects -fexceptions -g -grecord-gcc-switches -pipe -Wall -Werror=format-security -Wp,-U_FORTIFY_SOURCE,-D_FORTIFY_SOURCE=3 -Wp,-D_GLIBCXX_ASSERTIONS -specs=/usr/lib/rpm/redhat/redhat-hardened-cc1 -fstack-protector-strong -specs=/usr/lib/rpm/redhat/redhat-annobin-cc1  -m64 -march=x86-64 -mtune=generic -fasynchronous-unwind-tables -fstack-clash-protection -fcf-protection -mtls-dialect=gnu2 -fno-omit-frame-pointer -mno-omit-leaf-frame-pointer '
+ export CFLAGS
+ CXXFLAGS='-O2 -flto=auto -ffat-lto-objects -fexceptions -g -grecord-gcc-switches -pipe -Wall -Werror=format-security -Wp,-U_FORTIFY_SOURCE,-D_FORTIFY_SOURCE=3 -Wp,-D_GLIBCXX_ASSERTIONS -specs=/usr/lib/rpm/redhat/redhat-hardened-cc1 -fstack-protector-strong -specs=/usr/lib/rpm/redhat/redhat-annobin-cc1  -m64 -march=x86-64 -mtune=generic -fasynchronous-unwind-tables -fstack-clash-protection -fcf-protection -mtls-dialect=gnu2 -fno-omit-frame-pointer -mno-omit-leaf-frame-pointer '
+ export CXXFLAGS
+ FFLAGS='-O2 -flto=auto -ffat-lto-objects -fexceptions -g -grecord-gcc-switches -pipe -Wall -Wp,-U_FORTIFY_SOURCE,-D_FORTIFY_SOURCE=3 -Wp,-D_GLIBCXX_ASSERTIONS -specs=/usr/lib/rpm/redhat/redhat-hardened-cc1 -fstack-protector-strong -specs=/usr/lib/rpm/redhat/redhat-annobin-cc1  -m64 -march=x86-64 -mtune=generic -fasynchronous-unwind-tables -fstack-clash-protection -fcf-protection -mtls-dialect=gnu2 -fno-omit-frame-pointer -mno-omit-leaf-frame-pointer -I/usr/lib64/gfortran/modules '
+ export FFLAGS
+ FCFLAGS='-O2 -flto=auto -ffat-lto-objects -fexceptions -g -grecord-gcc-switches -pipe -Wall -Wp,-U_FORTIFY_SOURCE,-D_FORTIFY_SOURCE=3 -Wp,-D_GLIBCXX_ASSERTIONS -specs=/usr/lib/rpm/redhat/redhat-hardened-cc1 -fstack-protector-strong -specs=/usr/lib/rpm/redhat/redhat-annobin-cc1  -m64 -march=x86-64 -mtune=generic -fasynchronous-unwind-tables -fstack-clash-protection -fcf-protection -mtls-dialect=gnu2 -fno-omit-frame-pointer -mno-omit-leaf-frame-pointer -I/usr/lib64/gfortran/modules '
+ export FCFLAGS
+ VALAFLAGS=-g
+ export VALAFLAGS
+ RUSTFLAGS='-Copt-level=3 -Cdebuginfo=2 -Ccodegen-units=1 -Cstrip=none -Cforce-frame-pointers=yes -Clink-arg=-specs=/usr/lib/rpm/redhat/redhat-package-notes --cap-lints=warn'
+ export RUSTFLAGS
+ LDFLAGS='-Wl,-z,relro -Wl,--as-needed  -Wl,-z,pack-relative-relocs -Wl,-z,now -specs=/usr/lib/rpm/redhat/redhat-hardened-ld -specs=/usr/lib/rpm/redhat/redhat-annobin-cc1  -Wl,--build-id=sha1 -specs=/usr/lib/rpm/redhat/redhat-package-notes '
+ export LDFLAGS
+ LT_SYS_LIBRARY_PATH=/usr/lib64:
+ export LT_SYS_LIBRARY_PATH
+ CC=gcc
+ export CC
+ CXX=g++
+ export CXX
+ '[' -e /home/vm/maxonhick/workspace/projects/Homework_Lab06/_build/_CPack_Packages/Linux/RPM/lab06-1.0.0-Linux ']'
+ rm -rf /home/vm/maxonhick/workspace/projects/Homework_Lab06/_build/_CPack_Packages/Linux/RPM/lab06-1.0.0-Linux
+ mv /home/vm/maxonhick/workspace/projects/Homework_Lab06/_build/_CPack_Packages/Linux/RPM/tmpBBroot /home/vm/maxonhick/workspace/projects/Homework_Lab06/_build/_CPack_Packages/Linux/RPM/lab06-1.0.0-Linux
+ /usr/lib/rpm/check-buildroot
+ /usr/lib/rpm/redhat/brp-ldconfig
+ /usr/lib/rpm/brp-compress
+ /usr/lib/rpm/brp-strip /usr/bin/strip
+ /usr/lib/rpm/brp-strip-comment-note /usr/bin/strip /usr/bin/objdump
+ /usr/lib/rpm/redhat/brp-strip-lto /usr/bin/strip
+ /usr/lib/rpm/brp-strip-static-archive /usr/bin/strip
+ /usr/lib/rpm/check-rpaths
+ /usr/lib/rpm/redhat/brp-mangle-shebangs
+ /usr/lib/rpm/brp-remove-la-files
+ env /usr/lib/rpm/redhat/brp-python-bytecompile '' 1 0 -j16
+ /usr/lib/rpm/redhat/brp-python-hardlink
+ /usr/bin/add-determinism --brp -j16 /home/vm/maxonhick/workspace/projects/Homework_Lab06/_build/_CPack_Packages/Linux/RPM/lab06-1.0.0-Linux
+ umask 022
+ cd /home/vm/maxonhick/workspace/projects/Homework_Lab06/_build/_CPack_Packages/Linux/RPM/BUILD/lab06-1.0.0-build
+ RPM_EC=0
++ jobs -p
+ exit 0
+ umask 022
+ cd /home/vm/maxonhick/workspace/projects/Homework_Lab06/_build/_CPack_Packages/Linux/RPM/BUILD/lab06-1.0.0-build
+ test -d /home/vm/maxonhick/workspace/projects/Homework_Lab06/_build/_CPack_Packages/Linux/RPM/BUILD/lab06-1.0.0-build
+ /usr/bin/chmod -Rf a+rX,u+w,g-w,o-w /home/vm/maxonhick/workspace/projects/Homework_Lab06/_build/_CPack_Packages/Linux/RPM/BUILD/lab06-1.0.0-build
+ rm -rf /home/vm/maxonhick/workspace/projects/Homework_Lab06/_build/_CPack_Packages/Linux/RPM/BUILD/lab06-1.0.0-build
+ RPM_EC=0
++ jobs -p
+ exit 0
